<?xml version="1.0" encoding="UTF-8"?>
<!-- Generated by org.testng.reporters.JUnitXMLReporter -->
<testsuite ignored="2" hostname="DESKTOP-DF22MQA" failures="0" tests="6" name="CreateUser" time="2.185" errors="0" timestamp="2021-06-19T19:40:27 IST">
  <testcase classname="apiTests.CreateUser" name="@BeforeMethod startTest" time="-1.624111825205E9">
    <failure type="org.testng.TestNGException" message="
Can inject only one of &amp;lt;ITestContext, XmlTest, Method, Object[], ITestResult&amp;gt; into a @BeforeMethod annotated startTest.
For more information on native dependency injection please refer to https://testng.org/doc/documentation-main.html#native-dependency-injection">
      <![CDATA[org.testng.TestNGException: 
Can inject only one of <ITestContext, XmlTest, Method, Object[], ITestResult> into a @BeforeMethod annotated startTest.
For more information on native dependency injection please refer to https://testng.org/doc/documentation-main.html#native-dependency-injection
at java.base/java.util.ArrayList.forEach(ArrayList.java:1510)
... Removed 28 stack frames]]>
    </failure>
  </testcase> <!-- @BeforeMethod startTest -->
  <testcase classname="apiTests.CreateUser" name="@AfterMethod stopTest" time="-1.624111825437E9">
    <skipped/>
  </testcase> <!-- @AfterMethod stopTest -->
  <testcase classname="apiTests.CreateUser" name="@BeforeMethod startTest" time="-1.624111825462E9">
    <skipped/>
  </testcase> <!-- @BeforeMethod startTest -->
  <testcase classname="apiTests.CreateUser" name="@AfterMethod stopTest" time="-1.624111825496E9">
    <skipped/>
  </testcase> <!-- @AfterMethod stopTest -->
  <testcase classname="apiTests.CreateUser" name="@BeforeMethod startTest" time="-1.624111825503E9">
    <skipped/>
  </testcase> <!-- @BeforeMethod startTest -->
  <testcase classname="apiTests.CreateUser" name="@AfterMethod stopTest" time="-1.624111825537E9">
    <skipped/>
  </testcase> <!-- @AfterMethod stopTest -->
  <testcase classname="apiTests.CreateUser" name="@BeforeMethod startTest" time="-1.624111825546E9">
    <skipped/>
  </testcase> <!-- @BeforeMethod startTest -->
  <testcase classname="apiTests.CreateUser" name="@AfterMethod stopTest" time="-1.624111825587E9">
    <skipped/>
  </testcase> <!-- @AfterMethod stopTest -->
  <testcase classname="apiTests.GetAllUsers" name="@BeforeMethod init" time="1.488">
    <failure type="java.lang.NullPointerException">
      <![CDATA[java.lang.NullPointerException
at apiTests.GetAllUsers.init(GetAllUsers.java:29)
at java.base/java.util.ArrayList.forEach(ArrayList.java:1510)
... Removed 31 stack frames]]>
    </failure>
  </testcase> <!-- @BeforeMethod init -->
  <testcase classname="apiTests.GetAllUsers" name="@AfterMethod stopTest" time="-1.624111827168E9">
    <skipped/>
  </testcase> <!-- @AfterMethod stopTest -->
  <testcase classname="apiTests.GetAllUsers" name="@BeforeMethod init" time="-1.624111827187E9">
    <skipped/>
  </testcase> <!-- @BeforeMethod init -->
  <testcase classname="apiTests.GetAllUsers" name="@AfterMethod stopTest" time="-1.624111827217E9">
    <skipped/>
  </testcase> <!-- @AfterMethod stopTest -->
  <testcase classname="apiTests.CreateUser" name="createUser" time="0.0">
    <skipped/>
  </testcase> <!-- createUser -->
  <testcase classname="apiTests.CreateUser" name="createUser" time="0.0">
    <skipped/>
  </testcase> <!-- createUser -->
  <testcase classname="apiTests.CreateUser" name="createUser" time="0.002">
    <skipped/>
  </testcase> <!-- createUser -->
  <testcase classname="apiTests.CreateUser" name="createUser" time="0.0">
    <skipped/>
  </testcase> <!-- createUser -->
  <testcase classname="apiTests.GetAllUsers" name="getListOfUsers" time="0.0">
    <skipped/>
  </testcase> <!-- getListOfUsers -->
  <testcase classname="apiTests.GetAllUsers" name="verifyNoOfUsers" time="0.0">
    <skipped/>
  </testcase> <!-- verifyNoOfUsers -->
  <testcase classname="apiTests.BaseClass" name="@BeforeSuite initilize" time="0.0">
    <ignored/>
  </testcase> <!-- @BeforeSuite initilize -->
  <testcase classname="apiTests.BaseClass" name="@AfterSuite setup" time="0.0">
    <ignored/>
  </testcase> <!-- @AfterSuite setup -->
</testsuite> <!-- CreateUser -->
